  Source.cpp
c:\users\juan cruz\desktop\pong_raylib\project1\source.cpp(75): warning C4244: 'función': conversión de 'int' a 'float'; posible pérdida de datos
c:\users\juan cruz\desktop\pong_raylib\project1\source.cpp(76): warning C4244: 'función': conversión de 'int' a 'float'; posible pérdida de datos
c:\users\juan cruz\desktop\pong_raylib\project1\source.cpp(191): warning C4244: 'función': conversión de 'int' a 'float'; posible pérdida de datos
c:\users\juan cruz\desktop\pong_raylib\project1\source.cpp(210): warning C4244: 'función': conversión de 'float' a 'int'; posible pérdida de datos
c:\users\juan cruz\desktop\pong_raylib\project1\source.cpp(211): warning C4244: 'función': conversión de 'float' a 'int'; posible pérdida de datos
c:\users\juan cruz\desktop\pong_raylib\project1\source.cpp(212): warning C4244: 'función': conversión de 'float' a 'int'; posible pérdida de datos
c:\users\juan cruz\desktop\pong_raylib\project1\source.cpp(213): warning C4244: 'función': conversión de 'float' a 'int'; posible pérdida de datos
c:\users\juan cruz\desktop\pong_raylib\project1\source.cpp(252): warning C4244: 'función': conversión de 'int' a 'float'; posible pérdida de datos
c:\users\juan cruz\desktop\pong_raylib\project1\source.cpp(253): warning C4244: 'función': conversión de 'int' a 'float'; posible pérdida de datos
c:\users\juan cruz\desktop\pong_raylib\project1\source.cpp(257): warning C4552: "-": el resultado de la expresión no se usa
c:\users\juan cruz\desktop\pong_raylib\project1\source.cpp(261): warning C4552: "-": el resultado de la expresión no se usa
c:\users\juan cruz\desktop\pong_raylib\project1\source.cpp(265): warning C4552: "+": el resultado de la expresión no se usa
c:\users\juan cruz\desktop\pong_raylib\project1\source.cpp(269): warning C4552: "+": el resultado de la expresión no se usa
c:\users\juan cruz\desktop\pong_raylib\project1\source.cpp(278): warning C4552: "-": el resultado de la expresión no se usa
c:\users\juan cruz\desktop\pong_raylib\project1\source.cpp(282): warning C4552: "-": el resultado de la expresión no se usa
c:\users\juan cruz\desktop\pong_raylib\project1\source.cpp(286): warning C4552: "+": el resultado de la expresión no se usa
c:\users\juan cruz\desktop\pong_raylib\project1\source.cpp(290): warning C4552: "+": el resultado de la expresión no se usa
c:\users\juan cruz\desktop\pong_raylib\project1\source.cpp(311): warning C4244: 'función': conversión de 'float' a 'int'; posible pérdida de datos
c:\users\juan cruz\desktop\pong_raylib\project1\source.cpp(312): warning C4244: 'función': conversión de 'float' a 'int'; posible pérdida de datos
c:\users\juan cruz\desktop\pong_raylib\project1\source.cpp(313): warning C4244: 'función': conversión de 'int' a 'float'; posible pérdida de datos
c:\users\juan cruz\desktop\pong_raylib\project1\source.cpp(324): warning C4244: 'función': conversión de 'int' a 'float'; posible pérdida de datos
c:\users\juan cruz\desktop\pong_raylib\project1\source.cpp(325): warning C4244: 'función': conversión de 'int' a 'float'; posible pérdida de datos
c:\users\juan cruz\desktop\pong_raylib\project1\source.cpp(340): warning C4244: 'función': conversión de 'float' a 'int'; posible pérdida de datos
c:\users\juan cruz\desktop\pong_raylib\project1\source.cpp(345): warning C4244: 'función': conversión de 'float' a 'int'; posible pérdida de datos
c:\users\juan cruz\desktop\pong_raylib\project1\source.cpp(349): warning C4244: 'función': conversión de 'float' a 'int'; posible pérdida de datos
c:\users\juan cruz\desktop\pong_raylib\project1\source.cpp(350): warning C4244: 'función': conversión de 'float' a 'int'; posible pérdida de datos
c:\users\juan cruz\desktop\pong_raylib\project1\source.cpp(351): warning C4244: 'función': conversión de 'float' a 'int'; posible pérdida de datos
c:\users\juan cruz\desktop\pong_raylib\project1\source.cpp(353): warning C4244: 'función': conversión de 'float' a 'int'; posible pérdida de datos
c:\users\juan cruz\desktop\pong_raylib\project1\source.cpp(13): warning C4101: 'ballMenuColor': variable local sin referencia
  Project1.vcxproj -> C:\Users\Juan Cruz\Desktop\Pong_raylib\bin\Debug\Project1.exe
